<?xml version="1.0" encoding="UTF-8"?>
<!-- Generated by org.testng.reporters.JUnitXMLReporter -->
<testsuite ignored="3" hostname="varun" failures="0" tests="1" name="Default test" time="5.287" errors="0" timestamp="2024-01-11T17:28:56 IST">
  <testcase classname="com.tutorialsninja.qa.testcases.RegisterTest" name="VerifyRegisteringAccountWithExistingEmailAddress" time="1.284"/>
  <testcase classname="com.tutorialsninja.qa.testcases.RegisterTest" name="VerifyRegisteringAccountWithoutFillingAnyDetails" time="0.0">
    <ignored/>
  </testcase> <!-- VerifyRegisteringAccountWithoutFillingAnyDetails -->
  <testcase classname="com.tutorialsninja.qa.testcases.RegisterTest" name="VerifyRegisteringAnAccountWithMandatoryFields" time="0.0">
    <ignored/>
  </testcase> <!-- VerifyRegisteringAnAccountWithMandatoryFields -->
  <testcase classname="com.tutorialsninja.qa.testcases.RegisterTest" name="VerifyRegisterAcccountByProvidingAllFields" time="0.0">
    <ignored/>
  </testcase> <!-- VerifyRegisterAcccountByProvidingAllFields -->
</testsuite> <!-- Default test -->
