<?xml version="1.0" encoding="UTF-8"?>
<testng-results ignored="0" total="1" passed="1" failed="0" skipped="0">
  <reporter-output>
  </reporter-output>
  <suite started-at="2024-01-11T17:28:51 IST" name="Default suite" finished-at="2024-01-11T17:28:56 IST" duration-ms="5287">
    <groups>
    </groups>
    <test started-at="2024-01-11T17:28:51 IST" name="Default test" finished-at="2024-01-11T17:28:56 IST" duration-ms="5287">
      <class name="com.tutorialsninja.qa.testcases.RegisterTest">
        <test-method is-config="true" signature="setup()[pri:0, instance:com.tutorialsninja.qa.testcases.RegisterTest@6cf0e0ba]" started-at="2024-01-11T17:28:51 IST" name="setup" finished-at="2024-01-11T17:28:54 IST" duration-ms="3723" status="PASS">
          <reporter-output>
          </reporter-output>
        </test-method> <!-- setup -->
        <test-method signature="VerifyRegisteringAccountWithExistingEmailAddress()[pri:3, instance:com.tutorialsninja.qa.testcases.RegisterTest@6cf0e0ba]" started-at="2024-01-11T17:28:54 IST" name="VerifyRegisteringAccountWithExistingEmailAddress" finished-at="2024-01-11T17:28:56 IST" duration-ms="1284" status="PASS">
          <reporter-output>
          </reporter-output>
        </test-method> <!-- VerifyRegisteringAccountWithExistingEmailAddress -->
        <test-method is-config="true" signature="WindowClosed()[pri:0, instance:com.tutorialsninja.qa.testcases.RegisterTest@6cf0e0ba]" started-at="2024-01-11T17:28:56 IST" name="WindowClosed" finished-at="2024-01-11T17:28:56 IST" duration-ms="240" status="PASS">
          <reporter-output>
          </reporter-output>
        </test-method> <!-- WindowClosed -->
      </class> <!-- com.tutorialsninja.qa.testcases.RegisterTest -->
    </test> <!-- Default test -->
  </suite> <!-- Default suite -->
</testng-results>
